0 info it worked if it ends with ok
1 verbose cli [ 'C:\\Program Files\\nodejs\\node.exe',
1 verbose cli   'C:\\Program Files\\nodejs\\node_modules\\npm\\bin\\npm-cli.js',
1 verbose cli   'start' ]
2 info using npm@3.10.10
3 info using node@v6.11.0
4 verbose run-script [ 'prestart', 'start', 'poststart' ]
5 info lifecycle almound-builders@0.0.0~prestart: almound-builders@0.0.0
6 silly lifecycle almound-builders@0.0.0~prestart: no script for prestart, continuing
7 info lifecycle almound-builders@0.0.0~start: almound-builders@0.0.0
8 verbose lifecycle almound-builders@0.0.0~start: unsafe-perm in lifecycle true
9 verbose lifecycle almound-builders@0.0.0~start: PATH: C:\Program Files\nodejs\node_modules\npm\bin\node-gyp-bin;C:\Users\gn846admin\Desktop\ALMoundBuilders\node_modules\.bin;C:\Program Files (x86)\iis express\PHP\v5.5;C:\Program Files (x86)\iis express\PHP\v5.5;C:\Program Files (x86)\AMD APP\bin\x86_64;C:\Program Files (x86)\AMD APP\bin\x86;C:\Windows\system32;C:\Windows;C:\Windows\System32\Wbem;c:\Program Files (x86)\Hewlett-Packard\HP ProtectTools Security Manager\Bin\;c:\Program Files\Intel\DMIX;C:\Program Files (x86)\Intel\Services\IPT\;c:\Program Files (x86)\Microsoft SQL Server\100\Tools\Binn\;c:\Program Files\Microsoft SQL Server\100\Tools\Binn\;c:\Program Files\Microsoft SQL Server\100\DTS\Binn\;C:\Program Files (x86)\ATI Technologies\ATI.ACE\Core-Static;C:\Program Files\Microsoft SQL Server\130\Tools\Binn\;C:\Program Files\Microsoft\Web Platform Installer\;C:\Program Files (x86)\Microsoft SDKs\Azure\CLI\wbin;C:\Windows\System32\WindowsPowerShell\v1.0\;C:\Program Files\Microsoft Service Fabric\bin\Fabric\Fabric.Code;C:\Program Files\Microsoft SDKs\Service Fabric\Tools\ServiceFabricLocalClusterManager;C:\;C:\Program Files (x86)\Skype\Phone\;C:\Program Files\Common Files\Autodesk Shared\;C:\Program Files (x86)\Autodesk\Backburner\;C:\Program Files\nodejs\;C:\Windows\System32\WindowsPowerShell\v1.0\;;C:\Program Files (x86)\Microsoft VS Code\bin;C:\Users\gn846admin\AppData\Roaming\npm
10 verbose lifecycle almound-builders@0.0.0~start: CWD: C:\Users\gn846admin\Desktop\ALMoundBuilders
11 silly lifecycle almound-builders@0.0.0~start: Args: [ '/d /s /c', 'ng serve' ]
12 silly lifecycle almound-builders@0.0.0~start: Returned: code: 3221225786  signal: null
13 info lifecycle almound-builders@0.0.0~start: Failed to exec start script
14 verbose stack Error: almound-builders@0.0.0 start: `ng serve`
14 verbose stack Exit status 3221225786
14 verbose stack     at EventEmitter.<anonymous> (C:\Program Files\nodejs\node_modules\npm\lib\utils\lifecycle.js:255:16)
14 verbose stack     at emitTwo (events.js:106:13)
14 verbose stack     at EventEmitter.emit (events.js:191:7)
14 verbose stack     at ChildProcess.<anonymous> (C:\Program Files\nodejs\node_modules\npm\lib\utils\spawn.js:40:14)
14 verbose stack     at emitTwo (events.js:106:13)
14 verbose stack     at ChildProcess.emit (events.js:191:7)
14 verbose stack     at maybeClose (internal/child_process.js:891:16)
14 verbose stack     at Process.ChildProcess._handle.onexit (internal/child_process.js:226:5)
15 verbose pkgid almound-builders@0.0.0
16 verbose cwd C:\Users\gn846admin\Desktop\ALMoundBuilders\src\app\nativeSites
17 error Windows_NT 6.1.7601
18 error argv "C:\\Program Files\\nodejs\\node.exe" "C:\\Program Files\\nodejs\\node_modules\\npm\\bin\\npm-cli.js" "start"
19 error node v6.11.0
20 error npm  v3.10.10
21 error code ELIFECYCLE
22 error almound-builders@0.0.0 start: `ng serve`
22 error Exit status 3221225786
23 error Failed at the almound-builders@0.0.0 start script 'ng serve'.
23 error Make sure you have the latest version of node.js and npm installed.
23 error If you do, this is most likely a problem with the almound-builders package,
23 error not with npm itself.
23 error Tell the author that this fails on your system:
23 error     ng serve
23 error You can get information on how to open an issue for this project with:
23 error     npm bugs almound-builders
23 error Or if that isn't available, you can get their info via:
23 error     npm owner ls almound-builders
23 error There is likely additional logging output above.
24 verbose exit [ 1, true ]
